<?xml version="1.0" ?>
<coverage version="7.15.4" timestamp="1787541780535" lines-valid="281" lines-covered="280" line-rate="0.9964" branches-covered="0" branches-valid="0" branch-rate="0" complexity="0">
	<!-- Generated by coverage.py: https://coverage.readthedocs.io/en/7.15.4 -->
	<!-- Based on https://raw.githubusercontent.com/cobertura/web/master/htdocs/xml/coverage-04.dtd -->
	<sources>
		<source>/home/vboxuser/git_repos/saras_repos/10x-engineer-project-repo/backend/app</source>
	</sources>
	<packages>
		<package name="." line-rate="0.9964" branch-rate="0" complexity="0">
			<classes>
				<class name="__init__.py" filename="__init__.py" complexity="0" line-rate="1" branch-rate="0">
					<methods/>
					<lines>
						<line number="3" hits="1"/>
					</lines>
				</class>
				<class name="api.py" filename="api.py" complexity="0" line-rate="1" branch-rate="0">
					<methods/>
					<lines>
						<line number="3" hits="1"/>
						<line number="4" hits="1"/>
						<line number="5" hits="1"/>
						<line number="7" hits="1"/>
						<line number="14" hits="1"/>
						<line number="15" hits="1"/>
						<line number="16" hits="1"/>
						<line number="19" hits="1"/>
						<line number="26" hits="1"/>
						<line number="37" hits="1"/>
						<line number="38" hits="1"/>
						<line number="49" hits="1"/>
						<line number="54" hits="1"/>
						<line number="55" hits="1"/>
						<line number="76" hits="1"/>
						<line number="79" hits="1"/>
						<line number="80" hits="1"/>
						<line number="83" hits="1"/>
						<line number="84" hits="1"/>
						<line number="88" hits="1"/>
						<line number="90" hits="1"/>
						<line number="93" hits="1"/>
						<line number="94" hits="1"/>
						<line number="103" hits="1"/>
						<line number="104" hits="1"/>
						<line number="105" hits="1"/>
						<line number="106" hits="1"/>
						<line number="109" hits="1"/>
						<line number="110" hits="1"/>
						<line number="130" hits="1"/>
						<line number="131" hits="1"/>
						<line number="132" hits="1"/>
						<line number="133" hits="1"/>
						<line number="135" hits="1"/>
						<line number="136" hits="1"/>
						<line number="137" hits="1"/>
						<line number="143" hits="1"/>
						<line number="146" hits="1"/>
						<line number="147" hits="1"/>
						<line number="166" hits="1"/>
						<line number="167" hits="1"/>
						<line number="168" hits="1"/>
						<line number="171" hits="1"/>
						<line number="172" hits="1"/>
						<line number="173" hits="1"/>
						<line number="174" hits="1"/>
						<line number="179" hits="1"/>
						<line number="184" hits="1"/>
						<line number="185" hits="1"/>
						<line number="192" hits="1"/>
						<line number="202" hits="1"/>
						<line number="205" hits="1"/>
						<line number="206" hits="1"/>
						<line number="225" hits="1"/>
						<line number="226" hits="1"/>
						<line number="227" hits="1"/>
						<line number="229" hits="1"/>
						<line number="231" hits="1"/>
						<line number="232" hits="1"/>
						<line number="234" hits="1"/>
						<line number="235" hits="1"/>
						<line number="237" hits="1"/>
						<line number="238" hits="1"/>
						<line number="239" hits="1"/>
						<line number="241" hits="1"/>
						<line number="242" hits="1"/>
						<line number="243" hits="1"/>
						<line number="248" hits="1"/>
						<line number="253" hits="1"/>
						<line number="254" hits="1"/>
						<line number="256" hits="1"/>
						<line number="265" hits="1"/>
						<line number="268" hits="1"/>
						<line number="269" hits="1"/>
						<line number="284" hits="1"/>
						<line number="285" hits="1"/>
						<line number="286" hits="1"/>
						<line number="287" hits="1"/>
						<line number="292" hits="1"/>
						<line number="293" hits="1"/>
						<line number="311" hits="1"/>
						<line number="312" hits="1"/>
						<line number="314" hits="1"/>
						<line number="315" hits="1"/>
						<line number="316" hits="1"/>
						<line number="319" hits="1"/>
						<line number="320" hits="1"/>
						<line number="341" hits="1"/>
						<line number="342" hits="1"/>
						<line number="344" hits="1"/>
						<line number="345" hits="1"/>
						<line number="346" hits="1"/>
						<line number="347" hits="1"/>
						<line number="350" hits="1"/>
						<line number="351" hits="1"/>
						<line number="373" hits="1"/>
						<line number="374" hits="1"/>
						<line number="375" hits="1"/>
						<line number="377" hits="1"/>
						<line number="383" hits="1"/>
						<line number="384" hits="1"/>
						<line number="408" hits="1"/>
						<line number="409" hits="1"/>
						<line number="410" hits="1"/>
						<line number="412" hits="1"/>
						<line number="413" hits="1"/>
						<line number="414" hits="1"/>
						<line number="418" hits="1"/>
						<line number="420" hits="1"/>
						<line number="429" hits="1"/>
						<line number="432" hits="1"/>
						<line number="433" hits="1"/>
						<line number="452" hits="1"/>
						<line number="453" hits="1"/>
						<line number="455" hits="1"/>
						<line number="456" hits="1"/>
						<line number="457" hits="1"/>
						<line number="459" hits="1"/>
						<line number="460" hits="1"/>
						<line number="465" hits="1"/>
						<line number="466" hits="1"/>
						<line number="476" hits="1"/>
						<line number="477" hits="1"/>
						<line number="480" hits="1"/>
						<line number="481" hits="1"/>
						<line number="499" hits="1"/>
						<line number="500" hits="1"/>
						<line number="501" hits="1"/>
						<line number="502" hits="1"/>
						<line number="505" hits="1"/>
						<line number="506" hits="1"/>
						<line number="521" hits="1"/>
						<line number="522" hits="1"/>
						<line number="525" hits="1"/>
						<line number="526" hits="1"/>
						<line number="547" hits="1"/>
						<line number="548" hits="1"/>
						<line number="550" hits="1"/>
						<line number="551" hits="1"/>
						<line number="560" hits="1"/>
						<line number="562" hits="1"/>
						<line number="563" hits="1"/>
					</lines>
				</class>
				<class name="models.py" filename="models.py" complexity="0" line-rate="1" branch-rate="0">
					<methods/>
					<lines>
						<line number="3" hits="1"/>
						<line number="4" hits="1"/>
						<line number="5" hits="1"/>
						<line number="6" hits="1"/>
						<line number="9" hits="1"/>
						<line number="20" hits="1"/>
						<line number="23" hits="1"/>
						<line number="34" hits="1"/>
						<line number="39" hits="1"/>
						<line number="56" hits="1"/>
						<line number="57" hits="1"/>
						<line number="58" hits="1"/>
						<line number="59" hits="1"/>
						<line number="62" hits="1"/>
						<line number="63" hits="1"/>
						<line number="66" hits="1"/>
						<line number="67" hits="1"/>
						<line number="70" hits="1"/>
						<line number="89" hits="1"/>
						<line number="90" hits="1"/>
						<line number="91" hits="1"/>
						<line number="92" hits="1"/>
						<line number="95" hits="1"/>
						<line number="117" hits="1"/>
						<line number="118" hits="1"/>
						<line number="119" hits="1"/>
						<line number="121" hits="1"/>
						<line number="134" hits="1"/>
						<line number="139" hits="1"/>
						<line number="166" hits="1"/>
						<line number="167" hits="1"/>
						<line number="168" hits="1"/>
						<line number="169" hits="1"/>
						<line number="170" hits="1"/>
						<line number="171" hits="1"/>
						<line number="172" hits="1"/>
						<line number="173" hits="1"/>
						<line number="176" hits="1"/>
						<line number="189" hits="1"/>
						<line number="192" hits="1"/>
						<line number="205" hits="1"/>
						<line number="206" hits="1"/>
						<line number="211" hits="1"/>
						<line number="225" hits="1"/>
						<line number="226" hits="1"/>
						<line number="229" hits="1"/>
						<line number="230" hits="1"/>
						<line number="233" hits="1"/>
						<line number="251" hits="1"/>
						<line number="252" hits="1"/>
						<line number="254" hits="1"/>
						<line number="267" hits="1"/>
						<line number="272" hits="1"/>
						<line number="285" hits="1"/>
						<line number="286" hits="1"/>
						<line number="289" hits="1"/>
						<line number="303" hits="1"/>
						<line number="304" hits="1"/>
						<line number="307" hits="1"/>
						<line number="320" hits="1"/>
						<line number="321" hits="1"/>
					</lines>
				</class>
				<class name="storage.py" filename="storage.py" complexity="0" line-rate="0.9833" branch-rate="0">
					<methods/>
					<lines>
						<line number="7" hits="1"/>
						<line number="8" hits="1"/>
						<line number="11" hits="1"/>
						<line number="32" hits="1"/>
						<line number="44" hits="1"/>
						<line number="45" hits="1"/>
						<line number="46" hits="1"/>
						<line number="50" hits="1"/>
						<line number="64" hits="1"/>
						<line number="65" hits="1"/>
						<line number="67" hits="1"/>
						<line number="82" hits="1"/>
						<line number="84" hits="1"/>
						<line number="96" hits="1"/>
						<line number="98" hits="1"/>
						<line number="114" hits="1"/>
						<line number="115" hits="1"/>
						<line number="116" hits="1"/>
						<line number="117" hits="1"/>
						<line number="119" hits="1"/>
						<line number="135" hits="1"/>
						<line number="136" hits="1"/>
						<line number="137" hits="1"/>
						<line number="138" hits="1"/>
						<line number="142" hits="1"/>
						<line number="157" hits="1"/>
						<line number="158" hits="1"/>
						<line number="160" hits="1"/>
						<line number="175" hits="1"/>
						<line number="177" hits="1"/>
						<line number="189" hits="1"/>
						<line number="191" hits="1"/>
						<line number="207" hits="1"/>
						<line number="208" hits="1"/>
						<line number="209" hits="1"/>
						<line number="210" hits="1"/>
						<line number="212" hits="1"/>
						<line number="228" hits="1"/>
						<line number="232" hits="1"/>
						<line number="262" hits="1"/>
						<line number="266" hits="1"/>
						<line number="274" hits="1"/>
						<line number="275" hits="1"/>
						<line number="277" hits="1"/>
						<line number="292" hits="1"/>
						<line number="294" hits="1"/>
						<line number="310" hits="1"/>
						<line number="312" hits="1"/>
						<line number="328" hits="1"/>
						<line number="329" hits="1"/>
						<line number="330" hits="1"/>
						<line number="331" hits="0"/>
						<line number="333" hits="1"/>
						<line number="347" hits="1"/>
						<line number="348" hits="1"/>
						<line number="352" hits="1"/>
						<line number="368" hits="1"/>
						<line number="369" hits="1"/>
						<line number="370" hits="1"/>
						<line number="374" hits="1"/>
					</lines>
				</class>
				<class name="utils.py" filename="utils.py" complexity="0" line-rate="1" branch-rate="0">
					<methods/>
					<lines>
						<line number="3" hits="1"/>
						<line number="4" hits="1"/>
						<line number="7" hits="1"/>
						<line number="22" hits="1"/>
						<line number="25" hits="1"/>
						<line number="41" hits="1"/>
						<line number="44" hits="1"/>
						<line number="62" hits="1"/>
						<line number="63" hits="1"/>
						<line number="70" hits="1"/>
						<line number="91" hits="1"/>
						<line number="92" hits="1"/>
						<line number="93" hits="1"/>
						<line number="96" hits="1"/>
						<line number="112" hits="1"/>
						<line number="113" hits="1"/>
						<line number="114" hits="1"/>
					</lines>
				</class>
			</classes>
		</package>
	</packages>
</coverage>
